<?xml version="1.0" encoding="UTF-8"?>
<testng-results ignored="0" total="1" passed="1" failed="0" skipped="0">
  <reporter-output>
  </reporter-output>
  <suite started-at="2026-02-22T14:00:02 IST" name="Default suite" finished-at="2026-02-22T14:00:23 IST" duration-ms="21350">
    <groups>
    </groups>
    <test started-at="2026-02-22T14:00:02 IST" name="Default test" finished-at="2026-02-22T14:00:23 IST" duration-ms="21350">
      <class name="commonPage.LandingPage">
        <test-method signature="landingpageTest()[pri:0, instance:commonPage.LandingPage@3d6f0054]" started-at="2026-02-22T14:00:02 IST" name="landingpageTest" finished-at="2026-02-22T14:00:23 IST" duration-ms="21274" status="PASS">
          <reporter-output>
          </reporter-output>
        </test-method> <!-- landingpageTest -->
      </class> <!-- commonPage.LandingPage -->
    </test> <!-- Default test -->
  </suite> <!-- Default suite -->
</testng-results>
