<?xml version="1.0" encoding="UTF-8"?>
<testng-results ignored="0" total="1" passed="1" failed="0" skipped="0">
  <reporter-output>
  </reporter-output>
  <suite started-at="2026-02-22T16:53:56 IST" name="Suite" finished-at="2026-02-22T16:54:18 IST" duration-ms="22172">
    <groups>
    </groups>
    <test started-at="2026-02-22T16:53:56 IST" name="Test" finished-at="2026-02-22T16:54:18 IST" duration-ms="22172">
      <class name="commonPage.LandingPage">
        <test-method signature="landingpageTest()[pri:0, instance:commonPage.LandingPage@245b4bdc]" started-at="2026-02-22T16:53:56 IST" name="landingpageTest" finished-at="2026-02-22T16:54:18 IST" duration-ms="21941" status="PASS">
          <reporter-output>
          </reporter-output>
        </test-method> <!-- landingpageTest -->
      </class> <!-- commonPage.LandingPage -->
    </test> <!-- Test -->
  </suite> <!-- Suite -->
</testng-results>
